INFO:root:User logged in
INFO:root:clic Dashboard
INFO:root:clic onboarding
INFO:root:clic project
INFO:root:clic supplier
INFO:root:clic Dashboard
INFO:root:clic Dashboard
INFO:root:clic rfi rfq
INFO:root:clic rfi rfq
INFO:root:clic rfi rfq
INFO:root:clic rfi rfq
INFO:root:clic rfi rfq
INFO:root:clic rfi rfq
INFO:root:clic rfi rfq
INFO:root:clic rfi rfq
INFO:root:clic supplier
INFO:root:clic onboarding
INFO:root:clic supplier
INFO:root:clic supplier
INFO:root:clic supplier
INFO:root:clic rfi rfq
INFO:root:clic rfi rfq
INFO:root:clic supplier
INFO:root:clic supplier
INFO:root:clic supplier
INFO:root:clic supplier
INFO:root:clic supplier
INFO:root:clic supplier
INFO:root:clic Dashboard
INFO:root:clic supplier
INFO:root:clic supplier
INFO:root:clic supplier
INFO:root:clic supplier
INFO:root:clic supplier
INFO:root:clic supplier
INFO:root:clic supplier
INFO:root:clic supplier
INFO:root:clic supplier
INFO:root:clic supplier
INFO:root:clic supplier
INFO:root:clic supplier
INFO:root:clic supplier
INFO:root:clic supplier
INFO:root:clic supplier
INFO:root:clic supplier
INFO:root:clic supplier
INFO:root:clic supplier
2024-07-12 11:50:17,239 clic Dashboard
2024-07-12 11:50:49,954 clic onboarding
2024-07-12 11:50:54,881 clic project
2024-07-12 11:50:56,418 clic supplier
2024-07-12 11:51:29,619 clic supplier
2024-07-12 12:09:20,132 clic onboarding
2024-07-12 12:09:21,334 clic Dashboard
2024-07-12 12:09:30,370 clic supplier
2024-07-12 12:09:47,780 clic supplier
2024-07-12 12:10:29,740 clic supplier
2024-07-12 12:10:38,296 clic supplier
2024-07-12 12:11:35,385 clic supplier
2024-07-12 12:11:48,206 clic supplier
2024-07-12 12:12:23,945 clic supplier
2024-07-12 12:12:29,912 clic supplier
2024-07-12 12:12:44,092 clic supplier
2024-07-12 12:12:52,269 clic supplier
2024-07-12 12:14:33,284 clic supplier
2024-07-12 12:16:01,094 clic supplier
2024-07-12 12:16:33,765 clic supplier
2024-07-12 12:16:37,984 clic supplier
2024-07-12 12:16:56,177 clic supplier
2024-07-12 12:16:59,728 clic supplier
2024-07-12 12:19:32,287 clic supplier
2024-07-12 12:19:35,827 clic supplier
2024-07-12 12:19:59,963 clic supplier
2024-07-12 12:20:03,644 clic supplier
2024-07-12 12:24:25,505 clic supplier
2024-07-12 12:25:13,541 clic supplier
2024-07-12 12:27:10,741 clic supplier
2024-07-12 12:27:33,482 clic supplier
2024-07-12 12:27:39,596 clic supplier
2024-07-12 12:27:43,939 clic supplier
2024-07-12 12:27:50,806 clic supplier
2024-07-12 12:27:55,342 clic supplier
